<?xml version="1.0" encoding="UTF-8"?>
<testng-results ignored="0" total="1" passed="1" failed="0" skipped="0">
  <reporter-output>
  </reporter-output>
  <suite started-at="2023-09-11T14:31:45 IST" name="Default suite" finished-at="2023-09-11T14:32:02 IST" duration-ms="17312">
    <groups>
    </groups>
    <test started-at="2023-09-11T14:31:45 IST" name="Default test" finished-at="2023-09-11T14:32:02 IST" duration-ms="17312">
      <class name="com.spicejet.tests.BookingPageTest">
        <test-method signature="Booking()[pri:0, instance:com.spicejet.tests.BookingPageTest@235ecd9f]" started-at="2023-09-11T14:31:45 IST" name="Booking" finished-at="2023-09-11T14:32:02 IST" duration-ms="16854" status="PASS">
          <reporter-output>
          </reporter-output>
        </test-method> <!-- Booking -->
        <test-method is-config="true" signature="closeAllBrowsers()[pri:0, instance:com.spicejet.tests.BookingPageTest@235ecd9f]" started-at="2023-09-11T14:32:02 IST" name="closeAllBrowsers" finished-at="2023-09-11T14:32:02 IST" duration-ms="410" status="PASS">
          <reporter-output>
          </reporter-output>
        </test-method> <!-- closeAllBrowsers -->
      </class> <!-- com.spicejet.tests.BookingPageTest -->
    </test> <!-- Default test -->
  </suite> <!-- Default suite -->
</testng-results>
